[+] Containers:
 |- [+] Container: /Game/FirstPerson/Maps/FirstPersonMap
 |   |- [+] ActorDescs:
 |   |   |- Guid:06F96D1B46DC6B0283CCCFB785B5A2D0 BaseClass: NativeClass:/Script/Engine.StaticMeshActor Name:StaticMeshActor_UAID_98FA9BF5C0CDBA6A01_1508569838 Label:SM_Cube36 SpatiallyLoaded:1 Bounds:IsValid=true, Min=(X=5200.000 Y=1500.000 Z=100.000), Max=(X=5300.000 Y=1600.000 Z=400.000) RuntimeGrid:None EditorOnly:0 RuntimeOnly:0 HLODRelevant:1 FolderPath:CityLandmark FolderGuid:352C2F594BCD8FF1E335FBB8D666EAC8
 |   |   |- Guid:09EB01FE4C96A434E7561793BD6770E5 BaseClass: NativeClass:/Script/Engine.StaticMeshActor Name:StaticMeshActor_22 Label:SM_QuarterCylinder5 SpatiallyLoaded:1 Bounds:IsValid=true, Min=(X=600.000 Y=2800.000 Z=0.000), Max=(X=700.000 Y=2900.000 Z=200.000) RuntimeGrid:None EditorOnly:0 RuntimeOnly:0 HLODRelevant:1 FolderPath:Block03 FolderGuid:0C5AB36945998C19C9EA9283402A8E02
 |   |   |- Guid:0B0C0BA84D9C653015BD4EB3B217F9D6 BaseClass: NativeClass:/Script/Engine.StaticMeshActor Name:StaticMeshActor_18 Label:SM_QuarterCylinder2 SpatiallyLoaded:1 Bounds:IsValid=true, Min=(X=1200.000 Y=1600.000 Z=0.000), Max=(X=1300.000 Y=1700.000 Z=200.000) RuntimeGrid:None EditorOnly:0 RuntimeOnly:0 HLODRelevant:1 FolderPath:Block04 FolderGuid:D00C3F324D055BED943FA6B0235C7FA2
 |   |   |- Guid:1E04CC294E8D6348E47366B5ADA71EE9 BaseClass: NativeClass:/Script/Engine.StaticMeshActor Name:StaticMeshActor_23 Label:SM_Cube13 SpatiallyLoaded:1 Bounds:IsValid=true, Min=(X=600.000 Y=2700.000 Z=0.000), Max=(X=700.000 Y=2800.000 Z=200.000) RuntimeGrid:None EditorOnly:0 RuntimeOnly:0 HLODRelevant:1 FolderPath:Block03 FolderGuid:0C5AB36945998C19C9EA9283402A8E02
 |   |   |- Guid:254D27654506DA912CEE11965181CEF2 BaseClass: NativeClass:/Script/Engine.StaticMeshActor Name:StaticMeshActor_27 Label:SM_QuarterCylinder13 SpatiallyLoaded:1 Bounds:IsValid=true, Min=(X=2100.000 Y=2550.000 Z=0.000), Max=(X=2300.000 Y=2750.000 Z=200.000) RuntimeGrid:None EditorOnly:0 RuntimeOnly:0 HLODRelevant:1 FolderPath:Cylinder FolderGuid:98EA6984416B46BD4E6349A7D9A13307
 |   |   |- Guid:35A0C3344CDA5AA8A0AD41853299D3EE BaseClass: NativeClass:/Script/Engine.StaticMeshActor Name:StaticMeshActor_32 Label:SM_QuarterCylinder8 SpatiallyLoaded:1 Bounds:IsValid=true, Min=(X=1300.000 Y=2600.000 Z=0.000), Max=(X=1400.000 Y=2700.000 Z=200.000) RuntimeGrid:None EditorOnly:0 RuntimeOnly:0 HLODRelevant:1 FolderPath:Block03 FolderGuid:0C5AB36945998C19C9EA9283402A8E02
 |   |   |- Guid:48A9C7094CF7D8B729AC22B7B81DEE05 BaseClass: NativeClass:/Script/Engine.StaticMeshActor Name:StaticMeshActor_28 Label:SM_QuarterCylinder14 SpatiallyLoaded:1 Bounds:IsValid=true, Min=(X=2300.000 Y=2550.000 Z=0.000), Max=(X=2500.000 Y=2750.000 Z=200.000) RuntimeGrid:None EditorOnly:0 RuntimeOnly:0 HLODRelevant:1 FolderPath:Cylinder FolderGuid:98EA6984416B46BD4E6349A7D9A13307
 |   |   |- Guid:4A87EF2946DE230952572BB5B5726193 BaseClass: NativeClass:/Script/Engine.StaticMeshActor Name:StaticMeshActor_UAID_98FA9BF5C0CD976A01_1661764673 Label:SM_Cube18 SpatiallyLoaded:1 Bounds:IsValid=true, Min=(X=700.000 Y=700.000 Z=0.000), Max=(X=800.000 Y=1600.000 Z=1200.000) RuntimeGrid:None EditorOnly:0 RuntimeOnly:0 HLODRelevant:1 FolderPath:villagebuidlng1_3f FolderGuid:FC62F18A4EB470DF1363049B8C6402D9
 |   |   |- Guid:4D9DC41B43AC01F787C664BBD9F4064D BaseClass: NativeClass:/Script/Engine.StaticMeshActor Name:StaticMeshActor_UAID_98FA9BF5C0CD986A01_1684017857 Label:SM_Cube26 SpatiallyLoaded:1 Bounds:IsValid=true, Min=(X=2000.000 Y=800.000 Z=700.000), Max=(X=2900.000 Y=1500.000 Z=800.000) RuntimeGrid:None EditorOnly:0 RuntimeOnly:0 HLODRelevant:1 FolderPath:villagebuilding2_2f FolderGuid:450F20CD494D6AD5EF0895BD2A67DF14
 |   |   |- Guid:4E7B03D240C8095A98E5708F41E1DDD8 BaseClass: NativeClass:/Script/Engine.StaticMeshActor Name:StaticMeshActor_15 Label:SM_Cube10 SpatiallyLoaded:1 Bounds:IsValid=true, Min=(X=2345.000 Y=1000.000 Z=100.000), Max=(X=2545.000 Y=1100.000 Z=200.000) RuntimeGrid:None EditorOnly:0 RuntimeOnly:0 HLODRelevant:1 FolderPath:Block01 FolderGuid:5710F1034B6DC7FBD588718E283EB93C
 |   |   |- Guid:540E8C5E4191C186DAFA39989A42F977 BaseClass: NativeClass:/Script/Engine.StaticMeshActor Name:StaticMeshActor_13 Label:SM_Cube9 SpatiallyLoaded:1 Bounds:IsValid=true, Min=(X=2345.000 Y=400.000 Z=0.000), Max=(X=2545.000 Y=1100.000 Z=100.000) RuntimeGrid:None EditorOnly:0 RuntimeOnly:0 HLODRelevant:1 FolderPath:Block01 FolderGuid:5710F1034B6DC7FBD588718E283EB93C
 |   |   |- Guid:5BDD8F884011AE3799B6F286D5D0CB25 BaseClass: NativeClass:/Script/Engine.StaticMeshActor Name:StaticMeshActor_34 Label:SM_Cube15 SpatiallyLoaded:1 Bounds:IsValid=true, Min=(X=1800.000 Y=1600.000 Z=0.000), Max=(X=2900.000 Y=1900.000 Z=200.000) RuntimeGrid:None EditorOnly:0 RuntimeOnly:0 HLODRelevant:1 FolderPath:Block02 FolderGuid:275232DB4A90E8B2799B29BD69C59B9E
 |   |   |- Guid:5F5F61E8485626C2E11444A275E53585 BaseClass: NativeClass:/Script/Engine.StaticMeshActor Name:StaticMeshActor_6 Label:SM_Ramp2 SpatiallyLoaded:1 Bounds:IsValid=true, Min=(X=1945.000 Y=400.000 Z=0.000), Max=(X=2345.000 Y=600.000 Z=100.000) RuntimeGrid:None EditorOnly:0 RuntimeOnly:0 HLODRelevant:1 FolderPath:Block01 FolderGuid:5710F1034B6DC7FBD588718E283EB93C
 |   |   |- Guid:5FE7584649BB6F09265329A6C57CFD0D BaseClass: NativeClass:/Script/Engine.VolumetricCloud Name:VolumetricCloud_0 Label:VolumetricCloud SpatiallyLoaded:0 Bounds:IsValid=true, Min=(X=0.000 Y=0.000 Z=820.000), Max=(X=0.000 Y=0.000 Z=820.000) RuntimeGrid:None EditorOnly:0 RuntimeOnly:0 HLODRelevant:0 FolderPath:Lighting FolderGuid:0BA5F0A04EADB18E70D5B180D08FA34B
 |   |   |- Guid:61391D344900612A77DFC3BA3E354907 BaseClass: NativeClass:/Script/Engine.ExponentialHeightFog Name:ExponentialHeightFog_0 Label:ExponentialHeightFog SpatiallyLoaded:0 Bounds:IsValid=true, Min=(X=-5600.000 Y=-50.000 Z=-6850.000), Max=(X=-5600.000 Y=-50.000 Z=-6850.000) RuntimeGrid:None EditorOnly:0 RuntimeOnly:0 HLODRelevant:0 FolderPath:Lighting FolderGuid:0BA5F0A04EADB18E70D5B180D08FA34B
 |   |   |- Guid:6198DFE04D11BDEAC638CA8D1AA15F56 BaseClass: NativeClass:/Script/Engine.StaticMeshActor Name:StaticMeshActor_21 Label:SM_QuarterCylinder4 SpatiallyLoaded:1 Bounds:IsValid=true, Min=(X=600.000 Y=2600.000 Z=0.000), Max=(X=700.000 Y=2700.000 Z=200.000) RuntimeGrid:None EditorOnly:0 RuntimeOnly:0 HLODRelevant:1 FolderPath:Block03 FolderGuid:0C5AB36945998C19C9EA9283402A8E02
 |   |   |- Guid:6FEFB3BD4EB37B849EF0D4AC80F83855 BaseClass: NativeClass:/Script/Engine.WorldDataLayers Name:WorldDataLayers Label:WorldDataLayers SpatiallyLoaded:0 Bounds:IsValid=true, Min=(X=0.000 Y=0.000 Z=0.000), Max=(X=0.000 Y=0.000 Z=0.000) RuntimeGrid:None EditorOnly:0 RuntimeOnly:0 HLODRelevant:0
 |   |   |- Guid:703A238C4B272D2ED16B60804EAD681F BaseClass: NativeClass:/Script/Engine.StaticMeshActor Name:StaticMeshActor_UAID_98FA9BF5C0CDBA6A01_1491845837 Label:SM_Cube35 SpatiallyLoaded:1 Bounds:IsValid=true, Min=(X=4700.000 Y=1500.000 Z=100.000), Max=(X=4800.000 Y=1600.000 Z=400.000) RuntimeGrid:None EditorOnly:0 RuntimeOnly:0 HLODRelevant:1 FolderPath:CityLandmark FolderGuid:352C2F594BCD8FF1E335FBB8D666EAC8
 |   |   |- Guid:73DCCE524601D7F5EAAFE38B066AAE5B BaseClass: NativeClass:/Script/Engine.StaticMeshActor Name:StaticMeshActor_UAID_98FA9BF5C0CD986A01_1592181855 Label:SM_Cube24 SpatiallyLoaded:1 Bounds:IsValid=true, Min=(X=1900.000 Y=1500.000 Z=0.000), Max=(X=2900.000 Y=1600.000 Z=800.000) RuntimeGrid:None EditorOnly:0 RuntimeOnly:0 HLODRelevant:1 FolderPath:villagebuilding2_2f FolderGuid:450F20CD494D6AD5EF0895BD2A67DF14
 |   |   |- Guid:78CAF7514C7533F30BD2F19A017AAB65 BaseClass: NativeClass:/Script/Engine.StaticMeshActor Name:StaticMeshActor_0 Label:SM_Cube SpatiallyLoaded:1 Bounds:IsValid=true, Min=(X=0.000 Y=0.000 Z=-50.000), Max=(X=9000.000 Y=9500.000 Z=0.000) RuntimeGrid:None EditorOnly:0 RuntimeOnly:0 HLODRelevant:1 FolderPath:Playground FolderGuid:6C02BB504B69D1F3D7A624B130C18E5B
 |   |   |- Guid:7D62CD3D479BFB8CD19B998D77A9BF5D BaseClass: NativeClass:/Script/Engine.StaticMeshActor Name:StaticMeshActor_33 Label:SM_Cube14 SpatiallyLoaded:1 Bounds:IsValid=true, Min=(X=1300.000 Y=2700.000 Z=0.000), Max=(X=1400.000 Y=2800.000 Z=200.000) RuntimeGrid:None EditorOnly:0 RuntimeOnly:0 HLODRelevant:1 FolderPath:Block03 FolderGuid:0C5AB36945998C19C9EA9283402A8E02
 |   |   |- Guid:80B9B3874BC787C0B5733696A910DD1F BaseClass: NativeClass:/Script/Engine.StaticMeshActor Name:StaticMeshActor_UAID_98FA9BF5C0CDBA6A01_1354366833 Label:SM_Cube31 SpatiallyLoaded:1 Bounds:IsValid=true, Min=(X=3900.000 Y=1500.000 Z=500.000), Max=(X=4300.000 Y=1600.000 Z=600.000) RuntimeGrid:None EditorOnly:0 RuntimeOnly:0 HLODRelevant:1 FolderPath:CityLandmark FolderGuid:352C2F594BCD8FF1E335FBB8D666EAC8
 |   |   |- Guid:819D89374F5F011641B802B797C6545A BaseClass: NativeClass:/Script/Engine.StaticMeshActor Name:StaticMeshActor_25 Label:SM_QuarterCylinder11 SpatiallyLoaded:1 Bounds:IsValid=true, Min=(X=2300.000 Y=2750.000 Z=0.000), Max=(X=2500.000 Y=2950.000 Z=200.000) RuntimeGrid:None EditorOnly:0 RuntimeOnly:0 HLODRelevant:1 FolderPath:Cylinder FolderGuid:98EA6984416B46BD4E6349A7D9A13307
 |   |   |- Guid:82636DFB499224D215E466A53C353A57 BaseClass: NativeClass:/Script/Engine.StaticMeshActor Name:StaticMeshActor_12 Label:SM_Cube8 SpatiallyLoaded:1 Bounds:IsValid=true, Min=(X=100.000 Y=1600.000 Z=0.000), Max=(X=1200.000 Y=1900.000 Z=200.000) RuntimeGrid:None EditorOnly:0 RuntimeOnly:0 HLODRelevant:1 FolderPath:Block04 FolderGuid:D00C3F324D055BED943FA6B0235C7FA2
 |   |   |- Guid:8E6120FC40B0C2384F6E528EAFC19C5A BaseClass: NativeClass:/Script/Engine.StaticMeshActor Name:StaticMeshActor_36 Label:SM_QuarterCylinder10 SpatiallyLoaded:1 Bounds:IsValid=true, Min=(X=1700.000 Y=1800.000 Z=0.000), Max=(X=1800.000 Y=1900.000 Z=200.000) RuntimeGrid:None EditorOnly:0 RuntimeOnly:0 HLODRelevant:1 FolderPath:Block02 FolderGuid:275232DB4A90E8B2799B29BD69C59B9E
 |   |   |- Guid:9020B308486B86F7C4F881BE05EB1E59 BaseClass: NativeClass:/Script/Engine.StaticMeshActor Name:StaticMeshActor_UAID_98FA9BF5C0CDBA6A01_1446380834 Label:SM_Cube32 SpatiallyLoaded:1 Bounds:IsValid=true, Min=(X=3200.000 Y=1500.000 Z=100.000), Max=(X=3300.000 Y=1600.000 Z=400.000) RuntimeGrid:None EditorOnly:0 RuntimeOnly:0 HLODRelevant:1 FolderPath:CityLandmark FolderGuid:352C2F594BCD8FF1E335FBB8D666EAC8
 |   |   |- Guid:91C63FB14CD98AB7B8FBF4873FDE4B43 BaseClass: NativeClass:/Script/Engine.StaticMeshActor Name:StaticMeshActor_42 Label:SM_Ramp5 SpatiallyLoaded:1 Bounds:IsValid=true, Min=(X=1800.000 Y=1900.000 Z=0.000), Max=(X=2900.000 Y=2000.000 Z=200.000) RuntimeGrid:None EditorOnly:0 RuntimeOnly:0 HLODRelevant:1 FolderPath:Block02 FolderGuid:275232DB4A90E8B2799B29BD69C59B9E
 |   |   |- Guid:92B3F9C347C268347AA620AA591B7483 BaseClass: NativeClass:/Script/Engine.StaticMeshActor Name:StaticMeshActor_31 Label:SM_QuarterCylinder7 SpatiallyLoaded:1 Bounds:IsValid=true, Min=(X=1300.000 Y=2800.000 Z=0.000), Max=(X=1400.000 Y=2900.000 Z=200.000) RuntimeGrid:None EditorOnly:0 RuntimeOnly:0 HLODRelevant:1 FolderPath:Block03 FolderGuid:0C5AB36945998C19C9EA9283402A8E02
 |   |   |- Guid:97F1B0324F5A43EE245F998EF6D11476 BaseClass: NativeClass:/Script/Engine.StaticMeshActor Name:StaticMeshActor_UAID_98FA9BF5C0CD976A01_1721646674 Label:SM_Cube19 SpatiallyLoaded:1 Bounds:IsValid=true, Min=(X=700.000 Y=700.000 Z=300.000), Max=(X=1600.000 Y=1500.000 Z=400.000) RuntimeGrid:None EditorOnly:0 RuntimeOnly:0 HLODRelevant:1 FolderPath:villagebuidlng1_3f FolderGuid:FC62F18A4EB470DF1363049B8C6402D9
 |   |   |- Guid:98CECF584E59A1B2C3C434AC2E9EB751 BaseClass: NativeClass:/Script/Engine.StaticMeshActor Name:StaticMeshActor_UAID_98FA9BF5C0CD976A01_2029084675 Label:SM_Cube20 SpatiallyLoaded:1 Bounds:IsValid=true, Min=(X=700.000 Y=700.000 Z=700.000), Max=(X=1600.000 Y=1500.000 Z=800.000) RuntimeGrid:None EditorOnly:0 RuntimeOnly:0 HLODRelevant:1 FolderPath:villagebuidlng1_3f FolderGuid:FC62F18A4EB470DF1363049B8C6402D9
 |   |   |- Guid:9A7871D843B8842620BCB8B891DEBD6C BaseClass: NativeClass:/Script/Engine.StaticMeshActor Name:StaticMeshActor_37 Label:SM_Cube16 SpatiallyLoaded:1 Bounds:IsValid=true, Min=(X=1700.000 Y=1700.000 Z=0.000), Max=(X=1800.000 Y=1800.000 Z=200.000) RuntimeGrid:None EditorOnly:0 RuntimeOnly:0 HLODRelevant:1 FolderPath:Block02 FolderGuid:275232DB4A90E8B2799B29BD69C59B9E
 |   |   |- Guid:9F04430F44361B280AB510A1025EABD5 BaseClass: NativeClass:/Script/Engine.StaticMeshActor Name:StaticMeshActor_UAID_98FA9BF5C0CD986A01_1637668856 Label:SM_Cube25 SpatiallyLoaded:1 Bounds:IsValid=true, Min=(X=2000.000 Y=800.000 Z=300.000), Max=(X=2900.000 Y=1500.000 Z=400.000) RuntimeGrid:None EditorOnly:0 RuntimeOnly:0 HLODRelevant:1 FolderPath:villagebuilding2_2f FolderGuid:450F20CD494D6AD5EF0895BD2A67DF14
 |   |   |- Guid:9F2D62BE4AB3AC9493E124858B0D17A3 BaseClass: NativeClass:/Script/Engine.StaticMeshActor Name:StaticMeshActor_UAID_98FA9BF5C0CD976A01_2039449676 Label:SM_Cube21 SpatiallyLoaded:1 Bounds:IsValid=true, Min=(X=800.000 Y=700.000 Z=0.000), Max=(X=1600.000 Y=800.000 Z=1200.000) RuntimeGrid:None EditorOnly:0 RuntimeOnly:0 HLODRelevant:1 FolderPath:villagebuidlng1_3f FolderGuid:FC62F18A4EB470DF1363049B8C6402D9
 |   |   |- Guid:A354B1B24E617A525DC6B48CCDE2417E BaseClass: NativeClass:/Script/Engine.PlayerStart Name:PlayerStart_0 Label:PlayerStart SpatiallyLoaded:0 Bounds:IsValid=true, Min=(X=430.000 Y=810.000 Z=0.063), Max=(X=510.000 Y=890.000 Z=184.063) RuntimeGrid:None EditorOnly:0 RuntimeOnly:0 HLODRelevant:0
 |   |   |- Guid:A6C788624F04A8E44CDE289669B9E591 BaseClass: NativeClass:/Script/Engine.StaticMeshActor Name:StaticMeshActor_UAID_98FA9BF5C0CD996A01_1279793036 Label:SM_Ramp6 SpatiallyLoaded:1 Bounds:IsValid=true, Min=(X=100.000 Y=2200.000 Z=0.000), Max=(X=1200.000 Y=2300.000 Z=200.000) RuntimeGrid:None EditorOnly:0 RuntimeOnly:0 HLODRelevant:1
 |   |   |- Guid:A74962CF48EFF9D99313E7A4D02691B9 BaseClass: NativeClass:/Script/Engine.StaticMeshActor Name:StaticMeshActor_UAID_98FA9BF5C0CD976A01_2072871677 Label:SM_Cube22 SpatiallyLoaded:1 Bounds:IsValid=true, Min=(X=700.000 Y=700.000 Z=1100.000), Max=(X=1600.000 Y=1500.000 Z=1200.000) RuntimeGrid:None EditorOnly:0 RuntimeOnly:0 HLODRelevant:1 FolderPath:villagebuidlng1_3f FolderGuid:FC62F18A4EB470DF1363049B8C6402D9
 |   |   |- Guid:B4B79A3843F8C09301E1F99BDF616576 BaseClass: NativeClass:/Script/Engine.StaticMeshActor Name:StaticMeshActor_41 Label:SM_Ramp4 SpatiallyLoaded:1 Bounds:IsValid=true, Min=(X=100.000 Y=1500.000 Z=0.000), Max=(X=1200.000 Y=1600.000 Z=200.000) RuntimeGrid:None EditorOnly:0 RuntimeOnly:0 HLODRelevant:1 FolderPath:Block04 FolderGuid:D00C3F324D055BED943FA6B0235C7FA2
 |   |   |- Guid:BAF43A784F148DAB2DEFAAAB355D93E8 BaseClass: NativeClass:/Script/Engine.StaticMeshActor Name:StaticMeshActor_UAID_98FA9BF5C0CDBA6A01_1349652832 Label:SM_Cube30 SpatiallyLoaded:1 Bounds:IsValid=true, Min=(X=3200.000 Y=1500.000 Z=400.000), Max=(X=5300.000 Y=1600.000 Z=500.000) RuntimeGrid:None EditorOnly:0 RuntimeOnly:0 HLODRelevant:1 FolderPath:CityLandmark FolderGuid:352C2F594BCD8FF1E335FBB8D666EAC8
 |   |   |- Guid:BD7867C645DF0388304E3EB7CF2BBB37 BaseClass: NativeClass:/Script/Engine.StaticMeshActor Name:StaticMeshActor_17 Label:SM_QuarterCylinder SpatiallyLoaded:1 Bounds:IsValid=true, Min=(X=1200.000 Y=1800.000 Z=0.000), Max=(X=1300.000 Y=1900.000 Z=200.000) RuntimeGrid:None EditorOnly:0 RuntimeOnly:0 HLODRelevant:1 FolderPath:Block04 FolderGuid:D00C3F324D055BED943FA6B0235C7FA2
 |   |   |- Guid:C0C56B9644AE3D40CAFF6A878DB29844 BaseClass: NativeClass:/Script/Engine.StaticMeshActor Name:StaticMeshActor_UAID_A4AE111137DC5EFB00_2001720423 Label:SM_SkySphere SpatiallyLoaded:0 Bounds:IsValid=true, Min=(X=-1638400.000 Y=-1638400.000 Z=-1638400.000), Max=(X=1638400.000 Y=1638400.000 Z=1638400.000) RuntimeGrid:None EditorOnly:0 RuntimeOnly:0 HLODRelevant:1 FolderPath:Lighting FolderGuid:0BA5F0A04EADB18E70D5B180D08FA34B
 |   |   |- Guid:C22CE07C4B87D685137FDBBC10FC92C6 BaseClass: NativeClass:/Script/Engine.SkyAtmosphere Name:SkyAtmosphere_0 Label:SkyAtmosphere SpatiallyLoaded:0 Bounds:IsValid=true, Min=(X=0.000 Y=0.000 Z=1020.000), Max=(X=0.000 Y=0.000 Z=1020.000) RuntimeGrid:None EditorOnly:0 RuntimeOnly:0 HLODRelevant:0 FolderPath:Lighting FolderGuid:0BA5F0A04EADB18E70D5B180D08FA34B
 |   |   |- Guid:C32AE4DE4D7967D1B19C8492D9C4AA36 BaseClass: NativeClass:/Script/Engine.StaticMeshActor Name:StaticMeshActor_16 Label:SM_Cube11 SpatiallyLoaded:1 Bounds:IsValid=true, Min=(X=700.000 Y=2600.000 Z=0.000), Max=(X=1300.000 Y=2900.000 Z=200.000) RuntimeGrid:None EditorOnly:0 RuntimeOnly:0 HLODRelevant:1 FolderPath:Block03 FolderGuid:0C5AB36945998C19C9EA9283402A8E02
 |   |   |- Guid:C96EA9F84CAB52BA0FE483B12D76F8BF BaseClass: NativeClass:/Script/Engine.StaticMeshActor Name:StaticMeshActor_26 Label:SM_QuarterCylinder12 SpatiallyLoaded:1 Bounds:IsValid=true, Min=(X=2100.000 Y=2750.000 Z=0.000), Max=(X=2300.000 Y=2950.000 Z=200.000) RuntimeGrid:None EditorOnly:0 RuntimeOnly:0 HLODRelevant:1 FolderPath:Cylinder FolderGuid:98EA6984416B46BD4E6349A7D9A13307
 |   |   |- Guid:CD938B944363197912F727A3D7510CD1 BaseClass: NativeClass:/Script/Engine.StaticMeshActor Name:StaticMeshActor_UAID_98FA9BF5C0CDBA6A01_1472192835 Label:SM_Cube33 SpatiallyLoaded:1 Bounds:IsValid=true, Min=(X=3700.000 Y=1500.000 Z=100.000), Max=(X=3800.000 Y=1600.000 Z=400.000) RuntimeGrid:None EditorOnly:0 RuntimeOnly:0 HLODRelevant:1 FolderPath:CityLandmark FolderGuid:352C2F594BCD8FF1E335FBB8D666EAC8
 |   |   |- Guid:CE8D82634660FCDB3120E2B8D547C533 BaseClass: NativeClass:/Script/Engine.PostProcessVolume Name:PostProcessVolume_0 Label:PostProcessVolume SpatiallyLoaded:0 Bounds:IsValid=true, Min=(X=0.000 Y=0.000 Z=400.000), Max=(X=200.000 Y=200.000 Z=600.000) RuntimeGrid:None EditorOnly:0 RuntimeOnly:0 HLODRelevant:0 FolderPath:Lighting FolderGuid:0BA5F0A04EADB18E70D5B180D08FA34B
 |   |   |- Guid:CFC5AEF54B6D2AFB92D4C4B211519428 BaseClass: NativeClass:/Script/Engine.StaticMeshActor Name:StaticMeshActor_UAID_98FA9BF5C0CD986A01_1415664854 Label:SM_Cube23 SpatiallyLoaded:1 Bounds:IsValid=true, Min=(X=6419.000 Y=1500.000 Z=0.000), Max=(X=7219.000 Y=1600.000 Z=2000.000) RuntimeGrid:None EditorOnly:0 RuntimeOnly:0 HLODRelevant:1 FolderPath:CityLandmark FolderGuid:352C2F594BCD8FF1E335FBB8D666EAC8
 |   |   |- Guid:DA4819164DD702010F80EABD674EDB8A BaseClass: NativeClass:/Script/Engine.StaticMeshActor Name:StaticMeshActor_19 Label:SM_Cube12 SpatiallyLoaded:1 Bounds:IsValid=true, Min=(X=1200.000 Y=1700.000 Z=0.000), Max=(X=1300.000 Y=1800.000 Z=200.000) RuntimeGrid:None EditorOnly:0 RuntimeOnly:0 HLODRelevant:1 FolderPath:Block04 FolderGuid:D00C3F324D055BED943FA6B0235C7FA2
 |   |   |- Guid:DC1CD30E44F02B1DF5E9D48E17894D8A BaseClass: NativeClass:/Script/Engine.StaticMeshActor Name:StaticMeshActor_UAID_98FA9BF5C0CD986A01_1744199859 Label:SM_Cube28 SpatiallyLoaded:1 Bounds:IsValid=true, Min=(X=1900.000 Y=700.000 Z=0.000), Max=(X=2900.000 Y=800.000 Z=800.000) RuntimeGrid:None EditorOnly:0 RuntimeOnly:0 HLODRelevant:1 FolderPath:villagebuilding2_2f FolderGuid:450F20CD494D6AD5EF0895BD2A67DF14
 |   |   |- Guid:E051597541B4C998010633A0C1018139 BaseClass: NativeClass:/Script/Engine.StaticMeshActor Name:StaticMeshActor_30 Label:SM_ChamferCube5 SpatiallyLoaded:1 Bounds:IsValid=true, Min=(X=1765.431 Y=2937.543 Z=0.063), Max=(X=1976.756 Y=3148.868 Z=150.063) RuntimeGrid:None EditorOnly:0 RuntimeOnly:0 HLODRelevant:0 FolderPath:SimulatedCubes FolderGuid:9AEEADCB4DC6C647D6E7C0B4EDA1744F
 |   |   |- Guid:E2725FB04067F6DA56E5DD8A48E4B277 BaseClass: NativeClass:/Script/Engine.StaticMeshActor Name:StaticMeshActor_UAID_98FA9BF5C0CDBA6A01_1252909831 Label:SM_Cube29 SpatiallyLoaded:1 Bounds:IsValid=true, Min=(X=3200.000 Y=1500.000 Z=0.000), Max=(X=5300.000 Y=1600.000 Z=100.000) RuntimeGrid:None EditorOnly:0 RuntimeOnly:0 HLODRelevant:1 FolderPath:CityLandmark FolderGuid:352C2F594BCD8FF1E335FBB8D666EAC8
 |   |   |- Guid:E5320C1B4FD9764CE7B54D8487AEC613 BaseClass: NativeClass:/Script/Engine.SkyLight Name:SkyLight_0 Label:SkyLight SpatiallyLoaded:0 Bounds:IsValid=true, Min=(X=0.000 Y=0.000 Z=690.000), Max=(X=0.000 Y=0.000 Z=690.000) RuntimeGrid:None EditorOnly:0 RuntimeOnly:0 HLODRelevant:0 FolderPath:Lighting FolderGuid:0BA5F0A04EADB18E70D5B180D08FA34B
 |   |   |- Guid:EB260A4343402177EF2FA8AA9CCA795D BaseClass: NativeClass:/Script/Engine.StaticMeshActor Name:StaticMeshActor_14 Label:SM_Ramp3 SpatiallyLoaded:1 Bounds:IsValid=true, Min=(X=2345.000 Y=600.000 Z=100.000), Max=(X=2545.000 Y=1000.000 Z=200.000) RuntimeGrid:None EditorOnly:0 RuntimeOnly:0 HLODRelevant:1 FolderPath:Block01 FolderGuid:5710F1034B6DC7FBD588718E283EB93C
 |   |   |- Guid:EC34BB714F7ADF66F367B2811E22BEA6 BaseClass: NativeClass:/Script/Engine.StaticMeshActor Name:StaticMeshActor_UAID_98FA9BF5C0CDBA6A01_1479176836 Label:SM_Cube34 SpatiallyLoaded:1 Bounds:IsValid=true, Min=(X=4200.000 Y=1500.000 Z=100.000), Max=(X=4300.000 Y=1600.000 Z=400.000) RuntimeGrid:None EditorOnly:0 RuntimeOnly:0 HLODRelevant:1 FolderPath:CityLandmark FolderGuid:352C2F594BCD8FF1E335FBB8D666EAC8
 |   |   |- Guid:EE66F4454A4A9F99393F559AB739C05E BaseClass:/Game/FirstPerson/Blueprints/BP_Pickup_Rifle.BP_Pickup_Rifle_C NativeClass:/Script/Engine.Actor Name:BP_Rifle_C_1 Label:BP_Pickup_Rifle SpatiallyLoaded:1 Bounds:IsValid=true, Min=(X=1478.000 Y=218.000 Z=64.000), Max=(X=1542.000 Y=307.440 Z=128.000) RuntimeGrid:None EditorOnly:0 RuntimeOnly:0 HLODRelevant:0
 |   |   |- Guid:F0AEDD164DDFA8B61A49B999C82E2A2C BaseClass: NativeClass:/Script/Engine.StaticMeshActor Name:StaticMeshActor_UAID_98FA9BF5C0CD986A01_1690767858 Label:SM_Cube27 SpatiallyLoaded:1 Bounds:IsValid=true, Min=(X=1900.000 Y=700.000 Z=0.000), Max=(X=2000.000 Y=1500.000 Z=800.000) RuntimeGrid:None EditorOnly:0 RuntimeOnly:0 HLODRelevant:1 Parent:4D9DC41B43AC01F787C664BBD9F4064D FolderPath:villagebuilding2_2f FolderGuid:450F20CD494D6AD5EF0895BD2A67DF14
 |   |   |- Guid:F80621C9446867154938FE81375207DA BaseClass: NativeClass:/Script/Engine.DirectionalLight Name:DirectionalLight_1 Label:DirectionalLight SpatiallyLoaded:0 Bounds:IsValid=true, Min=(X=-1048576.000 Y=-1048576.000 Z=-1048576.000), Max=(X=1048576.000 Y=1048576.000 Z=1048576.000) RuntimeGrid:None EditorOnly:0 RuntimeOnly:0 HLODRelevant:0 FolderPath:Lighting FolderGuid:0BA5F0A04EADB18E70D5B180D08FA34B
 |   |   |- Guid:F959EF0D4D97FD8AB016389E6BCFA562 BaseClass: NativeClass:/Script/Engine.StaticMeshActor Name:StaticMeshActor_35 Label:SM_QuarterCylinder9 SpatiallyLoaded:1 Bounds:IsValid=true, Min=(X=1700.000 Y=1600.000 Z=0.000), Max=(X=1800.000 Y=1700.000 Z=200.000) RuntimeGrid:None EditorOnly:0 RuntimeOnly:0 HLODRelevant:1 FolderPath:Block02 FolderGuid:275232DB4A90E8B2799B29BD69C59B9E
 |   |   |- Guid:FB237AB94602A82F93B43FBBD5819A5F BaseClass: NativeClass:/Script/Engine.StaticMeshActor Name:StaticMeshActor_UAID_98FA9BF5C0CD976A01_1655578672 Label:SM_Cube17 SpatiallyLoaded:1 Bounds:IsValid=true, Min=(X=800.000 Y=1500.000 Z=0.000), Max=(X=1600.000 Y=1600.000 Z=1200.000) RuntimeGrid:None EditorOnly:0 RuntimeOnly:0 HLODRelevant:1 FolderPath:villagebuidlng1_3f FolderGuid:FC62F18A4EB470DF1363049B8C6402D9
 |   |- [+] Clusters:
 |   |   |- [+] [  0]
 |   |   |   |- Guid:540E8C5E4191C186DAFA39989A42F977 BaseClass: NativeClass:/Script/Engine.StaticMeshActor Name:StaticMeshActor_13 Label:SM_Cube9 SpatiallyLoaded:1 Bounds:IsValid=true, Min=(X=2345.000 Y=400.000 Z=0.000), Max=(X=2545.000 Y=1100.000 Z=100.000) RuntimeGrid:None EditorOnly:0 RuntimeOnly:0 HLODRelevant:1 FolderPath:Block01 FolderGuid:5710F1034B6DC7FBD588718E283EB93C
 |   |   |- [+] [  1]
 |   |   |   |- Guid:C96EA9F84CAB52BA0FE483B12D76F8BF BaseClass: NativeClass:/Script/Engine.StaticMeshActor Name:StaticMeshActor_26 Label:SM_QuarterCylinder12 SpatiallyLoaded:1 Bounds:IsValid=true, Min=(X=2100.000 Y=2750.000 Z=0.000), Max=(X=2300.000 Y=2950.000 Z=200.000) RuntimeGrid:None EditorOnly:0 RuntimeOnly:0 HLODRelevant:1 FolderPath:Cylinder FolderGuid:98EA6984416B46BD4E6349A7D9A13307
 |   |   |- [+] [  2]
 |   |   |   |- Guid:61391D344900612A77DFC3BA3E354907 BaseClass: NativeClass:/Script/Engine.ExponentialHeightFog Name:ExponentialHeightFog_0 Label:ExponentialHeightFog SpatiallyLoaded:0 Bounds:IsValid=true, Min=(X=-5600.000 Y=-50.000 Z=-6850.000), Max=(X=-5600.000 Y=-50.000 Z=-6850.000) RuntimeGrid:None EditorOnly:0 RuntimeOnly:0 HLODRelevant:0 FolderPath:Lighting FolderGuid:0BA5F0A04EADB18E70D5B180D08FA34B
 |   |   |- [+] [  3]
 |   |   |   |- Guid:5FE7584649BB6F09265329A6C57CFD0D BaseClass: NativeClass:/Script/Engine.VolumetricCloud Name:VolumetricCloud_0 Label:VolumetricCloud SpatiallyLoaded:0 Bounds:IsValid=true, Min=(X=0.000 Y=0.000 Z=820.000), Max=(X=0.000 Y=0.000 Z=820.000) RuntimeGrid:None EditorOnly:0 RuntimeOnly:0 HLODRelevant:0 FolderPath:Lighting FolderGuid:0BA5F0A04EADB18E70D5B180D08FA34B
 |   |   |- [+] [  4]
 |   |   |   |- Guid:F80621C9446867154938FE81375207DA BaseClass: NativeClass:/Script/Engine.DirectionalLight Name:DirectionalLight_1 Label:DirectionalLight SpatiallyLoaded:0 Bounds:IsValid=true, Min=(X=-1048576.000 Y=-1048576.000 Z=-1048576.000), Max=(X=1048576.000 Y=1048576.000 Z=1048576.000) RuntimeGrid:None EditorOnly:0 RuntimeOnly:0 HLODRelevant:0 FolderPath:Lighting FolderGuid:0BA5F0A04EADB18E70D5B180D08FA34B
 |   |   |- [+] [  5]
 |   |   |   |- Guid:819D89374F5F011641B802B797C6545A BaseClass: NativeClass:/Script/Engine.StaticMeshActor Name:StaticMeshActor_25 Label:SM_QuarterCylinder11 SpatiallyLoaded:1 Bounds:IsValid=true, Min=(X=2300.000 Y=2750.000 Z=0.000), Max=(X=2500.000 Y=2950.000 Z=200.000) RuntimeGrid:None EditorOnly:0 RuntimeOnly:0 HLODRelevant:1 FolderPath:Cylinder FolderGuid:98EA6984416B46BD4E6349A7D9A13307
 |   |   |- [+] [  6]
 |   |   |   |- Guid:82636DFB499224D215E466A53C353A57 BaseClass: NativeClass:/Script/Engine.StaticMeshActor Name:StaticMeshActor_12 Label:SM_Cube8 SpatiallyLoaded:1 Bounds:IsValid=true, Min=(X=100.000 Y=1600.000 Z=0.000), Max=(X=1200.000 Y=1900.000 Z=200.000) RuntimeGrid:None EditorOnly:0 RuntimeOnly:0 HLODRelevant:1 FolderPath:Block04 FolderGuid:D00C3F324D055BED943FA6B0235C7FA2
 |   |   |- [+] [  7]
 |   |   |   |- Guid:1E04CC294E8D6348E47366B5ADA71EE9 BaseClass: NativeClass:/Script/Engine.StaticMeshActor Name:StaticMeshActor_23 Label:SM_Cube13 SpatiallyLoaded:1 Bounds:IsValid=true, Min=(X=600.000 Y=2700.000 Z=0.000), Max=(X=700.000 Y=2800.000 Z=200.000) RuntimeGrid:None EditorOnly:0 RuntimeOnly:0 HLODRelevant:1 FolderPath:Block03 FolderGuid:0C5AB36945998C19C9EA9283402A8E02
 |   |   |- [+] [  8]
 |   |   |   |- Guid:A74962CF48EFF9D99313E7A4D02691B9 BaseClass: NativeClass:/Script/Engine.StaticMeshActor Name:StaticMeshActor_UAID_98FA9BF5C0CD976A01_2072871677 Label:SM_Cube22 SpatiallyLoaded:1 Bounds:IsValid=true, Min=(X=700.000 Y=700.000 Z=1100.000), Max=(X=1600.000 Y=1500.000 Z=1200.000) RuntimeGrid:None EditorOnly:0 RuntimeOnly:0 HLODRelevant:1 FolderPath:villagebuidlng1_3f FolderGuid:FC62F18A4EB470DF1363049B8C6402D9
 |   |   |- [+] [  9]
 |   |   |   |- Guid:5F5F61E8485626C2E11444A275E53585 BaseClass: NativeClass:/Script/Engine.StaticMeshActor Name:StaticMeshActor_6 Label:SM_Ramp2 SpatiallyLoaded:1 Bounds:IsValid=true, Min=(X=1945.000 Y=400.000 Z=0.000), Max=(X=2345.000 Y=600.000 Z=100.000) RuntimeGrid:None EditorOnly:0 RuntimeOnly:0 HLODRelevant:1 FolderPath:Block01 FolderGuid:5710F1034B6DC7FBD588718E283EB93C
 |   |   |- [+] [ 10]
 |   |   |   |- Guid:98CECF584E59A1B2C3C434AC2E9EB751 BaseClass: NativeClass:/Script/Engine.StaticMeshActor Name:StaticMeshActor_UAID_98FA9BF5C0CD976A01_2029084675 Label:SM_Cube20 SpatiallyLoaded:1 Bounds:IsValid=true, Min=(X=700.000 Y=700.000 Z=700.000), Max=(X=1600.000 Y=1500.000 Z=800.000) RuntimeGrid:None EditorOnly:0 RuntimeOnly:0 HLODRelevant:1 FolderPath:villagebuidlng1_3f FolderGuid:FC62F18A4EB470DF1363049B8C6402D9
 |   |   |- [+] [ 11]
 |   |   |   |- Guid:DC1CD30E44F02B1DF5E9D48E17894D8A BaseClass: NativeClass:/Script/Engine.StaticMeshActor Name:StaticMeshActor_UAID_98FA9BF5C0CD986A01_1744199859 Label:SM_Cube28 SpatiallyLoaded:1 Bounds:IsValid=true, Min=(X=1900.000 Y=700.000 Z=0.000), Max=(X=2900.000 Y=800.000 Z=800.000) RuntimeGrid:None EditorOnly:0 RuntimeOnly:0 HLODRelevant:1 FolderPath:villagebuilding2_2f FolderGuid:450F20CD494D6AD5EF0895BD2A67DF14
 |   |   |- [+] [ 12]
 |   |   |   |- Guid:91C63FB14CD98AB7B8FBF4873FDE4B43 BaseClass: NativeClass:/Script/Engine.StaticMeshActor Name:StaticMeshActor_42 Label:SM_Ramp5 SpatiallyLoaded:1 Bounds:IsValid=true, Min=(X=1800.000 Y=1900.000 Z=0.000), Max=(X=2900.000 Y=2000.000 Z=200.000) RuntimeGrid:None EditorOnly:0 RuntimeOnly:0 HLODRelevant:1 FolderPath:Block02 FolderGuid:275232DB4A90E8B2799B29BD69C59B9E
 |   |   |- [+] [ 13]
 |   |   |   |- Guid:4E7B03D240C8095A98E5708F41E1DDD8 BaseClass: NativeClass:/Script/Engine.StaticMeshActor Name:StaticMeshActor_15 Label:SM_Cube10 SpatiallyLoaded:1 Bounds:IsValid=true, Min=(X=2345.000 Y=1000.000 Z=100.000), Max=(X=2545.000 Y=1100.000 Z=200.000) RuntimeGrid:None EditorOnly:0 RuntimeOnly:0 HLODRelevant:1 FolderPath:Block01 FolderGuid:5710F1034B6DC7FBD588718E283EB93C
 |   |   |- [+] [ 14]
 |   |   |   |- Guid:EE66F4454A4A9F99393F559AB739C05E BaseClass:/Game/FirstPerson/Blueprints/BP_Pickup_Rifle.BP_Pickup_Rifle_C NativeClass:/Script/Engine.Actor Name:BP_Rifle_C_1 Label:BP_Pickup_Rifle SpatiallyLoaded:1 Bounds:IsValid=true, Min=(X=1478.000 Y=218.000 Z=64.000), Max=(X=1542.000 Y=307.440 Z=128.000) RuntimeGrid:None EditorOnly:0 RuntimeOnly:0 HLODRelevant:0
 |   |   |- [+] [ 15]
 |   |   |   |- Guid:7D62CD3D479BFB8CD19B998D77A9BF5D BaseClass: NativeClass:/Script/Engine.StaticMeshActor Name:StaticMeshActor_33 Label:SM_Cube14 SpatiallyLoaded:1 Bounds:IsValid=true, Min=(X=1300.000 Y=2700.000 Z=0.000), Max=(X=1400.000 Y=2800.000 Z=200.000) RuntimeGrid:None EditorOnly:0 RuntimeOnly:0 HLODRelevant:1 FolderPath:Block03 FolderGuid:0C5AB36945998C19C9EA9283402A8E02
 |   |   |- [+] [ 16]
 |   |   |   |- Guid:73DCCE524601D7F5EAAFE38B066AAE5B BaseClass: NativeClass:/Script/Engine.StaticMeshActor Name:StaticMeshActor_UAID_98FA9BF5C0CD986A01_1592181855 Label:SM_Cube24 SpatiallyLoaded:1 Bounds:IsValid=true, Min=(X=1900.000 Y=1500.000 Z=0.000), Max=(X=2900.000 Y=1600.000 Z=800.000) RuntimeGrid:None EditorOnly:0 RuntimeOnly:0 HLODRelevant:1 FolderPath:villagebuilding2_2f FolderGuid:450F20CD494D6AD5EF0895BD2A67DF14
 |   |   |- [+] [ 17]
 |   |   |   |- Guid:FB237AB94602A82F93B43FBBD5819A5F BaseClass: NativeClass:/Script/Engine.StaticMeshActor Name:StaticMeshActor_UAID_98FA9BF5C0CD976A01_1655578672 Label:SM_Cube17 SpatiallyLoaded:1 Bounds:IsValid=true, Min=(X=800.000 Y=1500.000 Z=0.000), Max=(X=1600.000 Y=1600.000 Z=1200.000) RuntimeGrid:None EditorOnly:0 RuntimeOnly:0 HLODRelevant:1 FolderPath:villagebuidlng1_3f FolderGuid:FC62F18A4EB470DF1363049B8C6402D9
 |   |   |- [+] [ 18]
 |   |   |   |- Guid:E5320C1B4FD9764CE7B54D8487AEC613 BaseClass: NativeClass:/Script/Engine.SkyLight Name:SkyLight_0 Label:SkyLight SpatiallyLoaded:0 Bounds:IsValid=true, Min=(X=0.000 Y=0.000 Z=690.000), Max=(X=0.000 Y=0.000 Z=690.000) RuntimeGrid:None EditorOnly:0 RuntimeOnly:0 HLODRelevant:0 FolderPath:Lighting FolderGuid:0BA5F0A04EADB18E70D5B180D08FA34B
 |   |   |- [+] [ 19]
 |   |   |   |- Guid:5BDD8F884011AE3799B6F286D5D0CB25 BaseClass: NativeClass:/Script/Engine.StaticMeshActor Name:StaticMeshActor_34 Label:SM_Cube15 SpatiallyLoaded:1 Bounds:IsValid=true, Min=(X=1800.000 Y=1600.000 Z=0.000), Max=(X=2900.000 Y=1900.000 Z=200.000) RuntimeGrid:None EditorOnly:0 RuntimeOnly:0 HLODRelevant:1 FolderPath:Block02 FolderGuid:275232DB4A90E8B2799B29BD69C59B9E
 |   |   |- [+] [ 20]
 |   |   |   |- Guid:C22CE07C4B87D685137FDBBC10FC92C6 BaseClass: NativeClass:/Script/Engine.SkyAtmosphere Name:SkyAtmosphere_0 Label:SkyAtmosphere SpatiallyLoaded:0 Bounds:IsValid=true, Min=(X=0.000 Y=0.000 Z=1020.000), Max=(X=0.000 Y=0.000 Z=1020.000) RuntimeGrid:None EditorOnly:0 RuntimeOnly:0 HLODRelevant:0 FolderPath:Lighting FolderGuid:0BA5F0A04EADB18E70D5B180D08FA34B
 |   |   |- [+] [ 21]
 |   |   |   |- Guid:BD7867C645DF0388304E3EB7CF2BBB37 BaseClass: NativeClass:/Script/Engine.StaticMeshActor Name:StaticMeshActor_17 Label:SM_QuarterCylinder SpatiallyLoaded:1 Bounds:IsValid=true, Min=(X=1200.000 Y=1800.000 Z=0.000), Max=(X=1300.000 Y=1900.000 Z=200.000) RuntimeGrid:None EditorOnly:0 RuntimeOnly:0 HLODRelevant:1 FolderPath:Block04 FolderGuid:D00C3F324D055BED943FA6B0235C7FA2
 |   |   |- [+] [ 22]
 |   |   |   |- Guid:6198DFE04D11BDEAC638CA8D1AA15F56 BaseClass: NativeClass:/Script/Engine.StaticMeshActor Name:StaticMeshActor_21 Label:SM_QuarterCylinder4 SpatiallyLoaded:1 Bounds:IsValid=true, Min=(X=600.000 Y=2600.000 Z=0.000), Max=(X=700.000 Y=2700.000 Z=200.000) RuntimeGrid:None EditorOnly:0 RuntimeOnly:0 HLODRelevant:1 FolderPath:Block03 FolderGuid:0C5AB36945998C19C9EA9283402A8E02
 |   |   |- [+] [ 23]
 |   |   |   |- Guid:09EB01FE4C96A434E7561793BD6770E5 BaseClass: NativeClass:/Script/Engine.StaticMeshActor Name:StaticMeshActor_22 Label:SM_QuarterCylinder5 SpatiallyLoaded:1 Bounds:IsValid=true, Min=(X=600.000 Y=2800.000 Z=0.000), Max=(X=700.000 Y=2900.000 Z=200.000) RuntimeGrid:None EditorOnly:0 RuntimeOnly:0 HLODRelevant:1 FolderPath:Block03 FolderGuid:0C5AB36945998C19C9EA9283402A8E02
 |   |   |- [+] [ 24]
 |   |   |   |- Guid:4A87EF2946DE230952572BB5B5726193 BaseClass: NativeClass:/Script/Engine.StaticMeshActor Name:StaticMeshActor_UAID_98FA9BF5C0CD976A01_1661764673 Label:SM_Cube18 SpatiallyLoaded:1 Bounds:IsValid=true, Min=(X=700.000 Y=700.000 Z=0.000), Max=(X=800.000 Y=1600.000 Z=1200.000) RuntimeGrid:None EditorOnly:0 RuntimeOnly:0 HLODRelevant:1 FolderPath:villagebuidlng1_3f FolderGuid:FC62F18A4EB470DF1363049B8C6402D9
 |   |   |- [+] [ 25]
 |   |   |   |- Guid:78CAF7514C7533F30BD2F19A017AAB65 BaseClass: NativeClass:/Script/Engine.StaticMeshActor Name:StaticMeshActor_0 Label:SM_Cube SpatiallyLoaded:1 Bounds:IsValid=true, Min=(X=0.000 Y=0.000 Z=-50.000), Max=(X=9000.000 Y=9500.000 Z=0.000) RuntimeGrid:None EditorOnly:0 RuntimeOnly:0 HLODRelevant:1 FolderPath:Playground FolderGuid:6C02BB504B69D1F3D7A624B130C18E5B
 |   |   |- [+] [ 26]
 |   |   |   |- Guid:E051597541B4C998010633A0C1018139 BaseClass: NativeClass:/Script/Engine.StaticMeshActor Name:StaticMeshActor_30 Label:SM_ChamferCube5 SpatiallyLoaded:1 Bounds:IsValid=true, Min=(X=1765.431 Y=2937.543 Z=0.063), Max=(X=1976.756 Y=3148.868 Z=150.063) RuntimeGrid:None EditorOnly:0 RuntimeOnly:0 HLODRelevant:0 FolderPath:SimulatedCubes FolderGuid:9AEEADCB4DC6C647D6E7C0B4EDA1744F
 |   |   |- [+] [ 27]
 |   |   |   |- Guid:B4B79A3843F8C09301E1F99BDF616576 BaseClass: NativeClass:/Script/Engine.StaticMeshActor Name:StaticMeshActor_41 Label:SM_Ramp4 SpatiallyLoaded:1 Bounds:IsValid=true, Min=(X=100.000 Y=1500.000 Z=0.000), Max=(X=1200.000 Y=1600.000 Z=200.000) RuntimeGrid:None EditorOnly:0 RuntimeOnly:0 HLODRelevant:1 FolderPath:Block04 FolderGuid:D00C3F324D055BED943FA6B0235C7FA2
 |   |   |- [+] [ 28]
 |   |   |   |- Guid:EB260A4343402177EF2FA8AA9CCA795D BaseClass: NativeClass:/Script/Engine.StaticMeshActor Name:StaticMeshActor_14 Label:SM_Ramp3 SpatiallyLoaded:1 Bounds:IsValid=true, Min=(X=2345.000 Y=600.000 Z=100.000), Max=(X=2545.000 Y=1000.000 Z=200.000) RuntimeGrid:None EditorOnly:0 RuntimeOnly:0 HLODRelevant:1 FolderPath:Block01 FolderGuid:5710F1034B6DC7FBD588718E283EB93C
 |   |   |- [+] [ 29]
 |   |   |   |- Guid:CFC5AEF54B6D2AFB92D4C4B211519428 BaseClass: NativeClass:/Script/Engine.StaticMeshActor Name:StaticMeshActor_UAID_98FA9BF5C0CD986A01_1415664854 Label:SM_Cube23 SpatiallyLoaded:1 Bounds:IsValid=true, Min=(X=6419.000 Y=1500.000 Z=0.000), Max=(X=7219.000 Y=1600.000 Z=2000.000) RuntimeGrid:None EditorOnly:0 RuntimeOnly:0 HLODRelevant:1 FolderPath:CityLandmark FolderGuid:352C2F594BCD8FF1E335FBB8D666EAC8
 |   |   |- [+] [ 30]
 |   |   |   |- Guid:A354B1B24E617A525DC6B48CCDE2417E BaseClass: NativeClass:/Script/Engine.PlayerStart Name:PlayerStart_0 Label:PlayerStart SpatiallyLoaded:0 Bounds:IsValid=true, Min=(X=430.000 Y=810.000 Z=0.063), Max=(X=510.000 Y=890.000 Z=184.063) RuntimeGrid:None EditorOnly:0 RuntimeOnly:0 HLODRelevant:0
 |   |   |- [+] [ 31]
 |   |   |   |- Guid:0B0C0BA84D9C653015BD4EB3B217F9D6 BaseClass: NativeClass:/Script/Engine.StaticMeshActor Name:StaticMeshActor_18 Label:SM_QuarterCylinder2 SpatiallyLoaded:1 Bounds:IsValid=true, Min=(X=1200.000 Y=1600.000 Z=0.000), Max=(X=1300.000 Y=1700.000 Z=200.000) RuntimeGrid:None EditorOnly:0 RuntimeOnly:0 HLODRelevant:1 FolderPath:Block04 FolderGuid:D00C3F324D055BED943FA6B0235C7FA2
 |   |   |- [+] [ 32]
 |   |   |   |- Guid:DA4819164DD702010F80EABD674EDB8A BaseClass: NativeClass:/Script/Engine.StaticMeshActor Name:StaticMeshActor_19 Label:SM_Cube12 SpatiallyLoaded:1 Bounds:IsValid=true, Min=(X=1200.000 Y=1700.000 Z=0.000), Max=(X=1300.000 Y=1800.000 Z=200.000) RuntimeGrid:None EditorOnly:0 RuntimeOnly:0 HLODRelevant:1 FolderPath:Block04 FolderGuid:D00C3F324D055BED943FA6B0235C7FA2
 |   |   |- [+] [ 33]
 |   |   |   |- Guid:97F1B0324F5A43EE245F998EF6D11476 BaseClass: NativeClass:/Script/Engine.StaticMeshActor Name:StaticMeshActor_UAID_98FA9BF5C0CD976A01_1721646674 Label:SM_Cube19 SpatiallyLoaded:1 Bounds:IsValid=true, Min=(X=700.000 Y=700.000 Z=300.000), Max=(X=1600.000 Y=1500.000 Z=400.000) RuntimeGrid:None EditorOnly:0 RuntimeOnly:0 HLODRelevant:1 FolderPath:villagebuidlng1_3f FolderGuid:FC62F18A4EB470DF1363049B8C6402D9
 |   |   |- [+] [ 34]
 |   |   |   |- Guid:35A0C3344CDA5AA8A0AD41853299D3EE BaseClass: NativeClass:/Script/Engine.StaticMeshActor Name:StaticMeshActor_32 Label:SM_QuarterCylinder8 SpatiallyLoaded:1 Bounds:IsValid=true, Min=(X=1300.000 Y=2600.000 Z=0.000), Max=(X=1400.000 Y=2700.000 Z=200.000) RuntimeGrid:None EditorOnly:0 RuntimeOnly:0 HLODRelevant:1 FolderPath:Block03 FolderGuid:0C5AB36945998C19C9EA9283402A8E02
 |   |   |- [+] [ 35]
 |   |   |   |- Guid:92B3F9C347C268347AA620AA591B7483 BaseClass: NativeClass:/Script/Engine.StaticMeshActor Name:StaticMeshActor_31 Label:SM_QuarterCylinder7 SpatiallyLoaded:1 Bounds:IsValid=true, Min=(X=1300.000 Y=2800.000 Z=0.000), Max=(X=1400.000 Y=2900.000 Z=200.000) RuntimeGrid:None EditorOnly:0 RuntimeOnly:0 HLODRelevant:1 FolderPath:Block03 FolderGuid:0C5AB36945998C19C9EA9283402A8E02
 |   |   |- [+] [ 36]
 |   |   |   |- Guid:C32AE4DE4D7967D1B19C8492D9C4AA36 BaseClass: NativeClass:/Script/Engine.StaticMeshActor Name:StaticMeshActor_16 Label:SM_Cube11 SpatiallyLoaded:1 Bounds:IsValid=true, Min=(X=700.000 Y=2600.000 Z=0.000), Max=(X=1300.000 Y=2900.000 Z=200.000) RuntimeGrid:None EditorOnly:0 RuntimeOnly:0 HLODRelevant:1 FolderPath:Block03 FolderGuid:0C5AB36945998C19C9EA9283402A8E02
 |   |   |- [+] [ 37]
 |   |   |   |- Guid:9A7871D843B8842620BCB8B891DEBD6C BaseClass: NativeClass:/Script/Engine.StaticMeshActor Name:StaticMeshActor_37 Label:SM_Cube16 SpatiallyLoaded:1 Bounds:IsValid=true, Min=(X=1700.000 Y=1700.000 Z=0.000), Max=(X=1800.000 Y=1800.000 Z=200.000) RuntimeGrid:None EditorOnly:0 RuntimeOnly:0 HLODRelevant:1 FolderPath:Block02 FolderGuid:275232DB4A90E8B2799B29BD69C59B9E
 |   |   |- [+] [ 38]
 |   |   |   |- Guid:F959EF0D4D97FD8AB016389E6BCFA562 BaseClass: NativeClass:/Script/Engine.StaticMeshActor Name:StaticMeshActor_35 Label:SM_QuarterCylinder9 SpatiallyLoaded:1 Bounds:IsValid=true, Min=(X=1700.000 Y=1600.000 Z=0.000), Max=(X=1800.000 Y=1700.000 Z=200.000) RuntimeGrid:None EditorOnly:0 RuntimeOnly:0 HLODRelevant:1 FolderPath:Block02 FolderGuid:275232DB4A90E8B2799B29BD69C59B9E
 |   |   |- [+] [ 39]
 |   |   |   |- Guid:48A9C7094CF7D8B729AC22B7B81DEE05 BaseClass: NativeClass:/Script/Engine.StaticMeshActor Name:StaticMeshActor_28 Label:SM_QuarterCylinder14 SpatiallyLoaded:1 Bounds:IsValid=true, Min=(X=2300.000 Y=2550.000 Z=0.000), Max=(X=2500.000 Y=2750.000 Z=200.000) RuntimeGrid:None EditorOnly:0 RuntimeOnly:0 HLODRelevant:1 FolderPath:Cylinder FolderGuid:98EA6984416B46BD4E6349A7D9A13307
 |   |   |- [+] [ 40]
 |   |   |   |- Guid:254D27654506DA912CEE11965181CEF2 BaseClass: NativeClass:/Script/Engine.StaticMeshActor Name:StaticMeshActor_27 Label:SM_QuarterCylinder13 SpatiallyLoaded:1 Bounds:IsValid=true, Min=(X=2100.000 Y=2550.000 Z=0.000), Max=(X=2300.000 Y=2750.000 Z=200.000) RuntimeGrid:None EditorOnly:0 RuntimeOnly:0 HLODRelevant:1 FolderPath:Cylinder FolderGuid:98EA6984416B46BD4E6349A7D9A13307
 |   |   |- [+] [ 41]
 |   |   |   |- Guid:8E6120FC40B0C2384F6E528EAFC19C5A BaseClass: NativeClass:/Script/Engine.StaticMeshActor Name:StaticMeshActor_36 Label:SM_QuarterCylinder10 SpatiallyLoaded:1 Bounds:IsValid=true, Min=(X=1700.000 Y=1800.000 Z=0.000), Max=(X=1800.000 Y=1900.000 Z=200.000) RuntimeGrid:None EditorOnly:0 RuntimeOnly:0 HLODRelevant:1 FolderPath:Block02 FolderGuid:275232DB4A90E8B2799B29BD69C59B9E
 |   |   |- [+] [ 42]
 |   |   |   |- Guid:F0AEDD164DDFA8B61A49B999C82E2A2C BaseClass: NativeClass:/Script/Engine.StaticMeshActor Name:StaticMeshActor_UAID_98FA9BF5C0CD986A01_1690767858 Label:SM_Cube27 SpatiallyLoaded:1 Bounds:IsValid=true, Min=(X=1900.000 Y=700.000 Z=0.000), Max=(X=2000.000 Y=1500.000 Z=800.000) RuntimeGrid:None EditorOnly:0 RuntimeOnly:0 HLODRelevant:1 Parent:4D9DC41B43AC01F787C664BBD9F4064D FolderPath:villagebuilding2_2f FolderGuid:450F20CD494D6AD5EF0895BD2A67DF14
 |   |   |   |- Guid:4D9DC41B43AC01F787C664BBD9F4064D BaseClass: NativeClass:/Script/Engine.StaticMeshActor Name:StaticMeshActor_UAID_98FA9BF5C0CD986A01_1684017857 Label:SM_Cube26 SpatiallyLoaded:1 Bounds:IsValid=true, Min=(X=2000.000 Y=800.000 Z=700.000), Max=(X=2900.000 Y=1500.000 Z=800.000) RuntimeGrid:None EditorOnly:0 RuntimeOnly:0 HLODRelevant:1 FolderPath:villagebuilding2_2f FolderGuid:450F20CD494D6AD5EF0895BD2A67DF14
 |   |   |- [+] [ 43]
 |   |   |   |- Guid:C0C56B9644AE3D40CAFF6A878DB29844 BaseClass: NativeClass:/Script/Engine.StaticMeshActor Name:StaticMeshActor_UAID_A4AE111137DC5EFB00_2001720423 Label:SM_SkySphere SpatiallyLoaded:0 Bounds:IsValid=true, Min=(X=-1638400.000 Y=-1638400.000 Z=-1638400.000), Max=(X=1638400.000 Y=1638400.000 Z=1638400.000) RuntimeGrid:None EditorOnly:0 RuntimeOnly:0 HLODRelevant:1 FolderPath:Lighting FolderGuid:0BA5F0A04EADB18E70D5B180D08FA34B
 |   |   |- [+] [ 44]
 |   |   |   |- Guid:6FEFB3BD4EB37B849EF0D4AC80F83855 BaseClass: NativeClass:/Script/Engine.WorldDataLayers Name:WorldDataLayers Label:WorldDataLayers SpatiallyLoaded:0 Bounds:IsValid=true, Min=(X=0.000 Y=0.000 Z=0.000), Max=(X=0.000 Y=0.000 Z=0.000) RuntimeGrid:None EditorOnly:0 RuntimeOnly:0 HLODRelevant:0
 |   |   |- [+] [ 45]
 |   |   |   |- Guid:A6C788624F04A8E44CDE289669B9E591 BaseClass: NativeClass:/Script/Engine.StaticMeshActor Name:StaticMeshActor_UAID_98FA9BF5C0CD996A01_1279793036 Label:SM_Ramp6 SpatiallyLoaded:1 Bounds:IsValid=true, Min=(X=100.000 Y=2200.000 Z=0.000), Max=(X=1200.000 Y=2300.000 Z=200.000) RuntimeGrid:None EditorOnly:0 RuntimeOnly:0 HLODRelevant:1
 |   |   |- [+] [ 46]
 |   |   |   |- Guid:9F04430F44361B280AB510A1025EABD5 BaseClass: NativeClass:/Script/Engine.StaticMeshActor Name:StaticMeshActor_UAID_98FA9BF5C0CD986A01_1637668856 Label:SM_Cube25 SpatiallyLoaded:1 Bounds:IsValid=true, Min=(X=2000.000 Y=800.000 Z=300.000), Max=(X=2900.000 Y=1500.000 Z=400.000) RuntimeGrid:None EditorOnly:0 RuntimeOnly:0 HLODRelevant:1 FolderPath:villagebuilding2_2f FolderGuid:450F20CD494D6AD5EF0895BD2A67DF14
 |   |   |- [+] [ 47]
 |   |   |   |- Guid:CE8D82634660FCDB3120E2B8D547C533 BaseClass: NativeClass:/Script/Engine.PostProcessVolume Name:PostProcessVolume_0 Label:PostProcessVolume SpatiallyLoaded:0 Bounds:IsValid=true, Min=(X=0.000 Y=0.000 Z=400.000), Max=(X=200.000 Y=200.000 Z=600.000) RuntimeGrid:None EditorOnly:0 RuntimeOnly:0 HLODRelevant:0 FolderPath:Lighting FolderGuid:0BA5F0A04EADB18E70D5B180D08FA34B
 |   |   |- [+] [ 48]
 |   |   |   |- Guid:9F2D62BE4AB3AC9493E124858B0D17A3 BaseClass: NativeClass:/Script/Engine.StaticMeshActor Name:StaticMeshActor_UAID_98FA9BF5C0CD976A01_2039449676 Label:SM_Cube21 SpatiallyLoaded:1 Bounds:IsValid=true, Min=(X=800.000 Y=700.000 Z=0.000), Max=(X=1600.000 Y=800.000 Z=1200.000) RuntimeGrid:None EditorOnly:0 RuntimeOnly:0 HLODRelevant:1 FolderPath:villagebuidlng1_3f FolderGuid:FC62F18A4EB470DF1363049B8C6402D9
 |   |   |- [+] [ 49]
 |   |   |   |- Guid:E2725FB04067F6DA56E5DD8A48E4B277 BaseClass: NativeClass:/Script/Engine.StaticMeshActor Name:StaticMeshActor_UAID_98FA9BF5C0CDBA6A01_1252909831 Label:SM_Cube29 SpatiallyLoaded:1 Bounds:IsValid=true, Min=(X=3200.000 Y=1500.000 Z=0.000), Max=(X=5300.000 Y=1600.000 Z=100.000) RuntimeGrid:None EditorOnly:0 RuntimeOnly:0 HLODRelevant:1 FolderPath:CityLandmark FolderGuid:352C2F594BCD8FF1E335FBB8D666EAC8
 |   |   |- [+] [ 50]
 |   |   |   |- Guid:BAF43A784F148DAB2DEFAAAB355D93E8 BaseClass: NativeClass:/Script/Engine.StaticMeshActor Name:StaticMeshActor_UAID_98FA9BF5C0CDBA6A01_1349652832 Label:SM_Cube30 SpatiallyLoaded:1 Bounds:IsValid=true, Min=(X=3200.000 Y=1500.000 Z=400.000), Max=(X=5300.000 Y=1600.000 Z=500.000) RuntimeGrid:None EditorOnly:0 RuntimeOnly:0 HLODRelevant:1 FolderPath:CityLandmark FolderGuid:352C2F594BCD8FF1E335FBB8D666EAC8
 |   |   |- [+] [ 51]
 |   |   |   |- Guid:80B9B3874BC787C0B5733696A910DD1F BaseClass: NativeClass:/Script/Engine.StaticMeshActor Name:StaticMeshActor_UAID_98FA9BF5C0CDBA6A01_1354366833 Label:SM_Cube31 SpatiallyLoaded:1 Bounds:IsValid=true, Min=(X=3900.000 Y=1500.000 Z=500.000), Max=(X=4300.000 Y=1600.000 Z=600.000) RuntimeGrid:None EditorOnly:0 RuntimeOnly:0 HLODRelevant:1 FolderPath:CityLandmark FolderGuid:352C2F594BCD8FF1E335FBB8D666EAC8
 |   |   |- [+] [ 52]
 |   |   |   |- Guid:9020B308486B86F7C4F881BE05EB1E59 BaseClass: NativeClass:/Script/Engine.StaticMeshActor Name:StaticMeshActor_UAID_98FA9BF5C0CDBA6A01_1446380834 Label:SM_Cube32 SpatiallyLoaded:1 Bounds:IsValid=true, Min=(X=3200.000 Y=1500.000 Z=100.000), Max=(X=3300.000 Y=1600.000 Z=400.000) RuntimeGrid:None EditorOnly:0 RuntimeOnly:0 HLODRelevant:1 FolderPath:CityLandmark FolderGuid:352C2F594BCD8FF1E335FBB8D666EAC8
 |   |   |- [+] [ 53]
 |   |   |   |- Guid:CD938B944363197912F727A3D7510CD1 BaseClass: NativeClass:/Script/Engine.StaticMeshActor Name:StaticMeshActor_UAID_98FA9BF5C0CDBA6A01_1472192835 Label:SM_Cube33 SpatiallyLoaded:1 Bounds:IsValid=true, Min=(X=3700.000 Y=1500.000 Z=100.000), Max=(X=3800.000 Y=1600.000 Z=400.000) RuntimeGrid:None EditorOnly:0 RuntimeOnly:0 HLODRelevant:1 FolderPath:CityLandmark FolderGuid:352C2F594BCD8FF1E335FBB8D666EAC8
 |   |   |- [+] [ 54]
 |   |   |   |- Guid:EC34BB714F7ADF66F367B2811E22BEA6 BaseClass: NativeClass:/Script/Engine.StaticMeshActor Name:StaticMeshActor_UAID_98FA9BF5C0CDBA6A01_1479176836 Label:SM_Cube34 SpatiallyLoaded:1 Bounds:IsValid=true, Min=(X=4200.000 Y=1500.000 Z=100.000), Max=(X=4300.000 Y=1600.000 Z=400.000) RuntimeGrid:None EditorOnly:0 RuntimeOnly:0 HLODRelevant:1 FolderPath:CityLandmark FolderGuid:352C2F594BCD8FF1E335FBB8D666EAC8
 |   |   |- [+] [ 55]
 |   |   |   |- Guid:703A238C4B272D2ED16B60804EAD681F BaseClass: NativeClass:/Script/Engine.StaticMeshActor Name:StaticMeshActor_UAID_98FA9BF5C0CDBA6A01_1491845837 Label:SM_Cube35 SpatiallyLoaded:1 Bounds:IsValid=true, Min=(X=4700.000 Y=1500.000 Z=100.000), Max=(X=4800.000 Y=1600.000 Z=400.000) RuntimeGrid:None EditorOnly:0 RuntimeOnly:0 HLODRelevant:1 FolderPath:CityLandmark FolderGuid:352C2F594BCD8FF1E335FBB8D666EAC8
 |   |   |- [+] [ 56]
 |   |   |   |- Guid:06F96D1B46DC6B0283CCCFB785B5A2D0 BaseClass: NativeClass:/Script/Engine.StaticMeshActor Name:StaticMeshActor_UAID_98FA9BF5C0CDBA6A01_1508569838 Label:SM_Cube36 SpatiallyLoaded:1 Bounds:IsValid=true, Min=(X=5200.000 Y=1500.000 Z=100.000), Max=(X=5300.000 Y=1600.000 Z=400.000) RuntimeGrid:None EditorOnly:0 RuntimeOnly:0 HLODRelevant:1 FolderPath:CityLandmark FolderGuid:352C2F594BCD8FF1E335FBB8D666EAC8
 |- ContainerInstances:
 |- [+] MainContainer:
 |   |-        ID: 0x0000000000000000
 |   |-    Bounds: IsValid=false, Min=(X=0.000 Y=0.000 Z=0.000), Max=(X=0.000 Y=0.000 Z=0.000)
 |   |- Transform: 0.000000,0.000000,0.000000|0.000000,0.000000,-0.000000|1.000000,1.000000,1.000000
 |   |- Container: /Game/FirstPerson/Maps/FirstPersonMap
----------------------------------------------------------------------------------------------------------------
FirstPersonMap - Persistent Level
----------------------------------------------------------------------------------------------------------------
Always loaded Actor Count: 65 

----------------------------------------------------------------------------------------------------------------
FirstPersonMap - Runtime Spatial Hash - Streaming Grid - MainGrid
----------------------------------------------------------------------------------------------------------------
            Origin: X=0.000 Y=0.000 Z=0.000
         Cell Size: 12800
      World Bounds: IsValid=false, Min=(X=0.000 Y=0.000 Z=0.000), Max=(X=0.000 Y=0.000 Z=0.000)
     Loading Range: 25600.00
Block Slow Loading: No
 ClientOnlyVisible: No

[+] Grid Levels: 1
 |- Level  0: Cell Count    0 | Cell Size   12800 | Actor Count    0 (0.0%)

[+] Content of Grid Level 0

